<?xml version="1.0" encoding="UTF-8"?>
<!-- Generated by org.testng.reporters.JUnitXMLReporter -->
<testsuite ignored="0" hostname="LAPTOP-IO7O6G3K" failures="1" tests="4" name="EdgeTest" time="25.171" errors="0" timestamp="2024-04-05T20:01:10 IST">
  <testcase classname="test.LoginTest" name="verifySwagLabLoginFunctionality" time="0.02">
    <failure type="java.lang.IllegalArgumentException" message="Keys to send should be a not null CharSequence">
      <![CDATA[java.lang.IllegalArgumentException: Keys to send should be a not null CharSequence
at org.openqa.selenium.remote.RemoteWebElement.sendKeys(RemoteWebElement.java:96)
at org.openqa.selenium.support.pagefactory.internal.LocatingElementHandler.invoke(LocatingElementHandler.java:51)
at jdk.proxy2/jdk.proxy2.$Proxy13.sendKeys(Unknown Source)
at pom.SwagLabLoginPage.enterUserName(SwagLabLoginPage.java:19)
at test.BaseTest.loginSwagLab(BaseTest.java:18)
at test.LoginTest.verifySwagLabLoginFunctionality(LoginTest.java:28)
at java.base/java.util.ArrayList.forEach(ArrayList.java:1511)
... Removed 31 stack frames]]>
    </failure>
  </testcase> <!-- verifySwagLabLoginFunctionality -->
  <testcase classname="test.CartTest" name="addSingleProductToCart" time="1.039"/>
  <testcase classname="test.CartTest" name="verifyProductQuantityInCart" time="0.858"/>
  <testcase classname="test.CartTest" name="verifyRemoveProductFromCart" time="1.54"/>
</testsuite> <!-- EdgeTest -->
